Using pre-set license
Built from '2020.3/staging' branch; Version is '2020.3.8f1 (507919d4fff5) revision 5273881'; Using compiler version '192528614'; Build Type 'Release'
OS: 'Windows 10 Pro; OS build 19042.985; Version 2009; 64bit' Language: 'en' Physical Memory: 16326 MB
BatchMode: 1, IsHumanControllingUs: 0, StartBugReporterOnCrash: 0, Is64bit: 1, IsPro: 0

 COMMAND LINE ARGUMENTS:
E:\program-files\Unity\Hub\Editor\2020.3.8f1\Editor\Unity.exe
-adb2
-batchMode
-noUpm
-name
AssetImportWorker0
-projectPath
G:/unity-projects/_repositories/2d-tanks-tutorial/2D Tanks
-logFile
Logs/AssetImportWorker0.log
-srvPort
52853
Successfully changed project path to: G:/unity-projects/_repositories/2d-tanks-tutorial/2D Tanks
G:/unity-projects/_repositories/2d-tanks-tutorial/2D Tanks
Using Asset Import Pipeline V2.
Refreshing native plugins compatible for Editor in 31.70 ms, found 1 plugins.
Preloading 0 native plugins for Editor in 0.00 ms.
Initialize engine version: 2020.3.8f1 (507919d4fff5)
[Subsystems] Discovering subsystems at path E:/program-files/Unity/Hub/Editor/2020.3.8f1/Editor/Data/Resources/UnitySubsystems
[Subsystems] Discovering subsystems at path G:/unity-projects/_repositories/2d-tanks-tutorial/2D Tanks/Assets
GfxDevice: creating device client; threaded=0
Direct3D:
    Version:  Direct3D 11.0 [level 11.1]
    Renderer: NVIDIA GeForce GTX 960 (ID=0x1401)
    Vendor:   
    VRAM:     2007 MB
    Driver:   27.21.14.6647
Initialize mono
Mono path[0] = 'E:/program-files/Unity/Hub/Editor/2020.3.8f1/Editor/Data/Managed'
Mono path[1] = 'E:/program-files/Unity/Hub/Editor/2020.3.8f1/Editor/Data/MonoBleedingEdge/lib/mono/unityjit'
Mono config path = 'E:/program-files/Unity/Hub/Editor/2020.3.8f1/Editor/Data/MonoBleedingEdge/etc'
Using monoOptions --debugger-agent=transport=dt_socket,embedding=1,server=y,suspend=n,address=127.0.0.1:56492
Begin MonoManager ReloadAssembly
Registering precompiled unity dll's ...
Register platform support module: E:/program-files/Unity/Hub/Editor/2020.3.8f1/Editor/Data/PlaybackEngines/WindowsStandaloneSupport/UnityEditor.WindowsStandalone.Extensions.dll
Registered in 0.004271 seconds.
Native extension for WindowsStandalone target not found
Refreshing native plugins compatible for Editor in 31.56 ms, found 1 plugins.
Preloading 0 native plugins for Editor in 0.00 ms.
Mono: successfully reloaded assembly
- Completed reload, in  1.026 seconds
Platform modules already initialized, skipping
Registering precompiled user dll's ...
Registered in 0.001140 seconds.
Begin MonoManager ReloadAssembly
Native extension for WindowsStandalone target not found
Refreshing native plugins compatible for Editor in 30.16 ms, found 1 plugins.
Preloading 0 native plugins for Editor in 0.00 ms.
Mono: successfully reloaded assembly
- Completed reload, in  0.860 seconds
Platform modules already initialized, skipping
========================================================================
Worker process is ready to serve import requests
Launched and connected shader compiler UnityShaderCompiler.exe after 0.07 seconds
Refreshing native plugins compatible for Editor in 0.29 ms, found 1 plugins.
Preloading 0 native plugins for Editor in 0.00 ms.
Unloading 1809 Unused Serialized files (Serialized files now loaded: 0)
System memory in use before: 84.9 MB.
System memory in use after: 84.9 MB.

Unloading 24 unused Assets to reduce memory usage. Loaded Objects now: 2251.
Total: 1.776000 ms (FindLiveObjects: 0.150800 ms CreateObjectMapping: 0.046600 ms MarkObjects: 1.478000 ms  DeleteObjects: 0.100000 ms)

========================================================================
Received Import Request.
  path: Assets/Resources/KennyAssets
  artifactKey: Guid(06ba7cbaae1806549ae80a7c7ed9246e) Importer(815301076,1909f56bfc062723c751e8b465ee728b)
Start importing Assets/Resources/KennyAssets using Guid(06ba7cbaae1806549ae80a7c7ed9246e) Importer(815301076,1909f56bfc062723c751e8b465ee728b)  -> (artifact id: '7069c9cacb89c93e41c3aa7e78d772b5') in 0.008718 seconds
  Import took 0.022894 seconds .

========================================================================
Received Import Request.
  Time since last request: 0.000246 seconds.
  path: Assets/Resources
  artifactKey: Guid(05fc77784403c894389582d311c971aa) Importer(815301076,1909f56bfc062723c751e8b465ee728b)
Start importing Assets/Resources using Guid(05fc77784403c894389582d311c971aa) Importer(815301076,1909f56bfc062723c751e8b465ee728b)  -> (artifact id: '489baaa19d0334793c5705e13f9cb959') in 0.001518 seconds
  Import took 0.003359 seconds .

========================================================================
Received Import Request.
  Time since last request: 0.000194 seconds.
  path: Assets/Resources/KennyAssets/Tanks/SpriteSheets
  artifactKey: Guid(b91ba33f2db31304cb6d66eba29b4a71) Importer(815301076,1909f56bfc062723c751e8b465ee728b)
Start importing Assets/Resources/KennyAssets/Tanks/SpriteSheets using Guid(b91ba33f2db31304cb6d66eba29b4a71) Importer(815301076,1909f56bfc062723c751e8b465ee728b)  -> (artifact id: 'c1c6388197d755f5a1bf5bd8203ff6d3') in 0.001550 seconds
  Import took 0.003379 seconds .

========================================================================
Received Import Request.
  Time since last request: 0.000215 seconds.
  path: Assets/Resources/KennyAssets/Tanks/SpriteSheets/onlyObjects_default.png
  artifactKey: Guid(363447581b3740647b6943864875ac88) Importer(815301076,1909f56bfc062723c751e8b465ee728b)
Start importing Assets/Resources/KennyAssets/Tanks/SpriteSheets/onlyObjects_default.png using Guid(363447581b3740647b6943864875ac88) Importer(815301076,1909f56bfc062723c751e8b465ee728b)  -> (artifact id: '194a0d43e096671abead1a5add66b34b') in 0.260333 seconds
  Import took 0.262533 seconds .

========================================================================
Received Import Request.
  Time since last request: 0.000249 seconds.
  path: Assets/Resources/KennyAssets/Tanks
  artifactKey: Guid(f86ddc0a57fd32d489ee55a0a5e94ddc) Importer(815301076,1909f56bfc062723c751e8b465ee728b)
Start importing Assets/Resources/KennyAssets/Tanks using Guid(f86ddc0a57fd32d489ee55a0a5e94ddc) Importer(815301076,1909f56bfc062723c751e8b465ee728b)  -> (artifact id: '00954a8bd38fbd76ef2e762291baab9e') in 0.001691 seconds
  Import took 0.003751 seconds .

========================================================================
Received Import Request.
  Time since last request: 0.045900 seconds.
  path: Assets/Resources/KennyAssets/Tanks/SpriteSheets/onlyObjects_default.png
  artifactKey: Guid(363447581b3740647b6943864875ac88) Importer(815301076,1909f56bfc062723c751e8b465ee728b)
Start importing Assets/Resources/KennyAssets/Tanks/SpriteSheets/onlyObjects_default.png using Guid(363447581b3740647b6943864875ac88) Importer(815301076,1909f56bfc062723c751e8b465ee728b)  -> (artifact id: '194a0d43e096671abead1a5add66b34b') in 0.009208 seconds
  Import took 0.011661 seconds .

========================================================================
Received Import Request.
  Time since last request: 168.812357 seconds.
  path: Assets/Resources/KennyAssets/Tanks/Preview.png
  artifactKey: Guid(f6d0be30d81824c46be0dbf828bd3d86) Importer(815301076,1909f56bfc062723c751e8b465ee728b)
Start importing Assets/Resources/KennyAssets/Tanks/Preview.png using Guid(f6d0be30d81824c46be0dbf828bd3d86) Importer(815301076,1909f56bfc062723c751e8b465ee728b)  -> (artifact id: '637bdc95167942942f92b8d80ae75009') in 0.017521 seconds
  Import took 0.020826 seconds .

========================================================================
Received Import Request.
  Time since last request: 0.000255 seconds.
  path: Assets/Resources/KennyAssets/Tanks/Sample.png
  artifactKey: Guid(83ef2be53323fec48800f73c5a6c037d) Importer(815301076,1909f56bfc062723c751e8b465ee728b)
Start importing Assets/Resources/KennyAssets/Tanks/Sample.png using Guid(83ef2be53323fec48800f73c5a6c037d) Importer(815301076,1909f56bfc062723c751e8b465ee728b)  -> (artifact id: '92fcf46f12b211f9871b897802413864') in 0.008247 seconds
  Import took 0.010597 seconds .

========================================================================
Received Import Request.
  Time since last request: 37.340946 seconds.
  path: Assets/Resources/KennyAssets/UI/preview.png
  artifactKey: Guid(d74f7b7ba23de064aa32db069045921f) Importer(815301076,1909f56bfc062723c751e8b465ee728b)
Start importing Assets/Resources/KennyAssets/UI/preview.png using Guid(d74f7b7ba23de064aa32db069045921f) Importer(815301076,1909f56bfc062723c751e8b465ee728b)  -> (artifact id: 'a3130a05d129acf79b21369fc3516738') in 0.007950 seconds
  Import took 0.010870 seconds .

========================================================================
Received Import Request.
  Time since last request: 19.346933 seconds.
  path: Assets/Editor/TextureAtlasSlicer.md
  artifactKey: Guid(98c793893d3636848b65285ad847ed06) Importer(815301076,1909f56bfc062723c751e8b465ee728b)
Start importing Assets/Editor/TextureAtlasSlicer.md using Guid(98c793893d3636848b65285ad847ed06) Importer(815301076,1909f56bfc062723c751e8b465ee728b)  -> (artifact id: 'ad37f8af585c7cf50652f980f1656511') in 0.006544 seconds
  Import took 0.008877 seconds .

========================================================================
Received Import Request.
  Time since last request: 0.003979 seconds.
  path: Assets/Editor/TextureAtlasSlicer.md
  artifactKey: Guid(98c793893d3636848b65285ad847ed06) Importer(815301076,1909f56bfc062723c751e8b465ee728b)
Start importing Assets/Editor/TextureAtlasSlicer.md using Guid(98c793893d3636848b65285ad847ed06) Importer(815301076,1909f56bfc062723c751e8b465ee728b)  -> (artifact id: 'ad37f8af585c7cf50652f980f1656511') in 0.001871 seconds
  Import took 0.004230 seconds .

========================================================================
Received Import Request.
  Time since last request: 132.017086 seconds.
  path: Assets/Resources/KennyAssets/GameIcons/Spritesheet
  artifactKey: Guid(221abb2e20f55114099762093d7fd180) Importer(815301076,1909f56bfc062723c751e8b465ee728b)
Start importing Assets/Resources/KennyAssets/GameIcons/Spritesheet using Guid(221abb2e20f55114099762093d7fd180) Importer(815301076,1909f56bfc062723c751e8b465ee728b)  -> (artifact id: 'ac4d89fe85ef759370acd0de6c16b17b') in 0.002087 seconds
  Import took 0.005140 seconds .

========================================================================
Received Import Request.
  Time since last request: 27.720658 seconds.
  path: Assets/Scenes/SampleScene.unity
  artifactKey: Guid(2cda990e2423bbf4892e6590ba056729) Importer(815301076,1909f56bfc062723c751e8b465ee728b)
Start importing Assets/Scenes/SampleScene.unity using Guid(2cda990e2423bbf4892e6590ba056729) Importer(815301076,1909f56bfc062723c751e8b465ee728b)  -> (artifact id: 'aa27944bdea339c97c39027c7eea529c') in 0.002400 seconds
  Import took 0.005161 seconds .

========================================================================
Received Import Request.
  Time since last request: 23.790664 seconds.
  path: Assets/Scenes/Level_01.unity
  artifactKey: Guid(dca64ab757735224f897d1039933f6c0) Importer(815301076,1909f56bfc062723c751e8b465ee728b)
Start importing Assets/Scenes/Level_01.unity using Guid(dca64ab757735224f897d1039933f6c0) Importer(815301076,1909f56bfc062723c751e8b465ee728b)  -> (artifact id: '294cce3ca692d54390e9592acf654183') in 0.002263 seconds
  Import took 0.019977 seconds .

========================================================================
Received Import Request.
  Time since last request: 36.036026 seconds.
  path: Assets/Scenes
  artifactKey: Guid(33d6b94de4feea44c879fd85628f6bbd) Importer(815301076,1909f56bfc062723c751e8b465ee728b)
Start importing Assets/Scenes using Guid(33d6b94de4feea44c879fd85628f6bbd) Importer(815301076,1909f56bfc062723c751e8b465ee728b)  -> (artifact id: '93eaa75444a880218e2ec5b2bcde16d9') in 0.001652 seconds
  Import took 0.003974 seconds .

========================================================================
Received Import Request.
  Time since last request: 28.981821 seconds.
  path: Assets/Scenes/Sample Scene.unity
  artifactKey: Guid(dca64ab757735224f897d1039933f6c0) Importer(815301076,1909f56bfc062723c751e8b465ee728b)
Start importing Assets/Scenes/Sample Scene.unity using Guid(dca64ab757735224f897d1039933f6c0) Importer(815301076,1909f56bfc062723c751e8b465ee728b)  -> (artifact id: '8afc250ba3cecce061334b0ece7f09b8') in 0.001850 seconds
  Import took 0.004715 seconds .

========================================================================
Received Import Request.
  Time since last request: 0.001706 seconds.
  path: Assets/Scenes/Sample Scene.unity
  artifactKey: Guid(dca64ab757735224f897d1039933f6c0) Importer(815301076,1909f56bfc062723c751e8b465ee728b)
Start importing Assets/Scenes/Sample Scene.unity using Guid(dca64ab757735224f897d1039933f6c0) Importer(815301076,1909f56bfc062723c751e8b465ee728b)  -> (artifact id: '8afc250ba3cecce061334b0ece7f09b8') in 0.001812 seconds
  Import took 0.004272 seconds .

========================================================================
Received Import Request.
  Time since last request: 16.109162 seconds.
  path: Assets/Scenes/SampleScene.unity
  artifactKey: Guid(dca64ab757735224f897d1039933f6c0) Importer(815301076,1909f56bfc062723c751e8b465ee728b)
Start importing Assets/Scenes/SampleScene.unity using Guid(dca64ab757735224f897d1039933f6c0) Importer(815301076,1909f56bfc062723c751e8b465ee728b)  -> (artifact id: '6877a44369e93abfe0ab38e34b295efe') in 0.002231 seconds
  Import took 0.004624 seconds .

========================================================================
Received Import Request.
  Time since last request: 1732.097830 seconds.
  path: Assets/Resources/KennyAssets/TanksRedux
  artifactKey: Guid(f86ddc0a57fd32d489ee55a0a5e94ddc) Importer(815301076,1909f56bfc062723c751e8b465ee728b)
Start importing Assets/Resources/KennyAssets/TanksRedux using Guid(f86ddc0a57fd32d489ee55a0a5e94ddc) Importer(815301076,1909f56bfc062723c751e8b465ee728b)  -> (artifact id: '88db3fe7fac2d72f5340b2ceb6352f00') in 0.001754 seconds
  Import took 0.004521 seconds .

AssetImportWorkerClient::OnTransportError - code=2 error=End of file
